1757765419.611126 client started (440236): version 3.5a, socket /tmp/tmux-1000/default, protocol 8
1757765419.611138 on Linux 6.12.46-3-cachyos-lts #1 SMP PREEMPT_DYNAMIC Wed, 10 Sep 2025 19:53:47 +0000
1757765419.611140 using libevent 2.1.12-stable poll
1757765419.611141 using ncurses 6.5 20240427
1757765419.611147 flags are 0x18010000
1757765419.611151 socket is /tmp/tmux-1000/default
1757765419.611154 trying connect
1757765419.611158 connect failed: Connection refused
1757765419.611161 lock file is /tmp/tmux-1000/default.lock
1757765419.611167 flock succeeded
1757765419.611167 got lock (6)
1757765419.611169 trying connect
1757765419.611171 connect failed: Connection refused
1757765419.611292 add peer 0x5840ab2e7620: 7 ((nil))
1757765419.611451 sending message 111 to peer 0x5840ab2e7620 (8 bytes)
1757765419.611453 sending message 111 to peer 0x5840ab2e7620 (8 bytes)
1757765419.611454 sending message 101 to peer 0x5840ab2e7620 (5 bytes)
1757765419.611455 sending message 109 to peer 0x5840ab2e7620 (4 bytes)
1757765419.611456 sending message 102 to peer 0x5840ab2e7620 (11 bytes)
1757765419.611457 sending message 108 to peer 0x5840ab2e7620 (25 bytes)
1757765419.611458 sending message 112 to peer 0x5840ab2e7620 (58 bytes)
1757765419.611458 sending message 112 to peer 0x5840ab2e7620 (5 bytes)
1757765419.611459 sending message 112 to peer 0x5840ab2e7620 (5 bytes)
1757765419.611460 sending message 112 to peer 0x5840ab2e7620 (6 bytes)
1757765419.611461 sending message 112 to peer 0x5840ab2e7620 (6 bytes)
1757765419.611462 sending message 112 to peer 0x5840ab2e7620 (11 bytes)
1757765419.611465 sending message 112 to peer 0x5840ab2e7620 (10 bytes)
1757765419.611466 sending message 112 to peer 0x5840ab2e7620 (13 bytes)
1757765419.611467 sending message 112 to peer 0x5840ab2e7620 (14 bytes)
1757765419.611468 sending message 112 to peer 0x5840ab2e7620 (19 bytes)
1757765419.611468 sending message 112 to peer 0x5840ab2e7620 (11 bytes)
1757765419.611469 sending message 112 to peer 0x5840ab2e7620 (11 bytes)
1757765419.611470 sending message 112 to peer 0x5840ab2e7620 (16 bytes)
1757765419.611471 sending message 112 to peer 0x5840ab2e7620 (21 bytes)
1757765419.611471 sending message 112 to peer 0x5840ab2e7620 (13 bytes)
1757765419.611472 sending message 112 to peer 0x5840ab2e7620 (7 bytes)
1757765419.611473 sending message 112 to peer 0x5840ab2e7620 (13 bytes)
1757765419.611473 sending message 112 to peer 0x5840ab2e7620 (7 bytes)
1757765419.611474 sending message 112 to peer 0x5840ab2e7620 (13 bytes)
1757765419.611475 sending message 112 to peer 0x5840ab2e7620 (9 bytes)
1757765419.611476 sending message 112 to peer 0x5840ab2e7620 (21 bytes)
1757765419.611476 sending message 112 to peer 0x5840ab2e7620 (13 bytes)
1757765419.611477 sending message 112 to peer 0x5840ab2e7620 (9 bytes)
1757765419.611478 sending message 112 to peer 0x5840ab2e7620 (16 bytes)
1757765419.611478 sending message 112 to peer 0x5840ab2e7620 (13 bytes)
1757765419.611479 sending message 112 to peer 0x5840ab2e7620 (9 bytes)
1757765419.611480 sending message 112 to peer 0x5840ab2e7620 (9 bytes)
1757765419.611480 sending message 112 to peer 0x5840ab2e7620 (12 bytes)
1757765419.611481 sending message 112 to peer 0x5840ab2e7620 (8 bytes)
1757765419.611482 sending message 112 to peer 0x5840ab2e7620 (8 bytes)
1757765419.611482 sending message 112 to peer 0x5840ab2e7620 (13 bytes)
1757765419.611483 sending message 112 to peer 0x5840ab2e7620 (7 bytes)
1757765419.611484 sending message 112 to peer 0x5840ab2e7620 (7 bytes)
1757765419.611485 sending message 112 to peer 0x5840ab2e7620 (9 bytes)
1757765419.611485 sending message 112 to peer 0x5840ab2e7620 (7 bytes)
1757765419.611486 sending message 112 to peer 0x5840ab2e7620 (9 bytes)
1757765419.611487 sending message 112 to peer 0x5840ab2e7620 (15 bytes)
1757765419.611487 sending message 112 to peer 0x5840ab2e7620 (13 bytes)
1757765419.611488 sending message 112 to peer 0x5840ab2e7620 (9 bytes)
1757765419.611489 sending message 112 to peer 0x5840ab2e7620 (12 bytes)
1757765419.611490 sending message 112 to peer 0x5840ab2e7620 (8 bytes)
1757765419.611494 sending message 112 to peer 0x5840ab2e7620 (14 bytes)
1757765419.611494 sending message 112 to peer 0x5840ab2e7620 (11 bytes)
1757765419.611495 sending message 112 to peer 0x5840ab2e7620 (9 bytes)
1757765419.611496 sending message 112 to peer 0x5840ab2e7620 (10 bytes)
1757765419.611497 sending message 112 to peer 0x5840ab2e7620 (10 bytes)
1757765419.611497 sending message 112 to peer 0x5840ab2e7620 (10 bytes)
1757765419.611498 sending message 112 to peer 0x5840ab2e7620 (10 bytes)
1757765419.611499 sending message 112 to peer 0x5840ab2e7620 (11 bytes)
1757765419.611500 sending message 112 to peer 0x5840ab2e7620 (12 bytes)
1757765419.611500 sending message 112 to peer 0x5840ab2e7620 (12 bytes)
1757765419.611501 sending message 112 to peer 0x5840ab2e7620 (12 bytes)
1757765419.611502 sending message 112 to peer 0x5840ab2e7620 (12 bytes)
1757765419.611502 sending message 112 to peer 0x5840ab2e7620 (12 bytes)
1757765419.611503 sending message 112 to peer 0x5840ab2e7620 (11 bytes)
1757765419.611504 sending message 112 to peer 0x5840ab2e7620 (11 bytes)
1757765419.611504 sending message 112 to peer 0x5840ab2e7620 (12 bytes)
1757765419.611505 sending message 112 to peer 0x5840ab2e7620 (12 bytes)
1757765419.611506 sending message 112 to peer 0x5840ab2e7620 (12 bytes)
1757765419.611506 sending message 112 to peer 0x5840ab2e7620 (12 bytes)
1757765419.611507 sending message 112 to peer 0x5840ab2e7620 (12 bytes)
1757765419.611508 sending message 112 to peer 0x5840ab2e7620 (9 bytes)
1757765419.611509 sending message 112 to peer 0x5840ab2e7620 (12 bytes)
1757765419.611509 sending message 112 to peer 0x5840ab2e7620 (13 bytes)
1757765419.611510 sending message 112 to peer 0x5840ab2e7620 (13 bytes)
1757765419.611511 sending message 112 to peer 0x5840ab2e7620 (13 bytes)
1757765419.611511 sending message 112 to peer 0x5840ab2e7620 (13 bytes)
1757765419.611512 sending message 112 to peer 0x5840ab2e7620 (13 bytes)
1757765419.611513 sending message 112 to peer 0x5840ab2e7620 (8 bytes)
1757765419.611514 sending message 112 to peer 0x5840ab2e7620 (11 bytes)
1757765419.611514 sending message 112 to peer 0x5840ab2e7620 (11 bytes)
1757765419.611515 sending message 112 to peer 0x5840ab2e7620 (11 bytes)
1757765419.611516 sending message 112 to peer 0x5840ab2e7620 (12 bytes)
1757765419.611517 sending message 112 to peer 0x5840ab2e7620 (12 bytes)
1757765419.611517 sending message 112 to peer 0x5840ab2e7620 (12 bytes)
1757765419.611518 sending message 112 to peer 0x5840ab2e7620 (12 bytes)
1757765419.611519 sending message 112 to peer 0x5840ab2e7620 (13 bytes)
1757765419.611519 sending message 112 to peer 0x5840ab2e7620 (13 bytes)
1757765419.611520 sending message 112 to peer 0x5840ab2e7620 (13 bytes)
1757765419.611521 sending message 112 to peer 0x5840ab2e7620 (8 bytes)
1757765419.611521 sending message 112 to peer 0x5840ab2e7620 (13 bytes)
1757765419.611522 sending message 112 to peer 0x5840ab2e7620 (13 bytes)
1757765419.611523 sending message 112 to peer 0x5840ab2e7620 (13 bytes)
1757765419.611524 sending message 112 to peer 0x5840ab2e7620 (13 bytes)
1757765419.611524 sending message 112 to peer 0x5840ab2e7620 (13 bytes)
1757765419.611525 sending message 112 to peer 0x5840ab2e7620 (12 bytes)
1757765419.611526 sending message 112 to peer 0x5840ab2e7620 (12 bytes)
1757765419.611526 sending message 112 to peer 0x5840ab2e7620 (12 bytes)
1757765419.611527 sending message 112 to peer 0x5840ab2e7620 (12 bytes)
1757765419.611528 sending message 112 to peer 0x5840ab2e7620 (13 bytes)
1757765419.611528 sending message 112 to peer 0x5840ab2e7620 (8 bytes)
1757765419.611529 sending message 112 to peer 0x5840ab2e7620 (13 bytes)
1757765419.611530 sending message 112 to peer 0x5840ab2e7620 (13 bytes)
1757765419.611531 sending message 112 to peer 0x5840ab2e7620 (13 bytes)
1757765419.611531 sending message 112 to peer 0x5840ab2e7620 (13 bytes)
1757765419.611532 sending message 112 to peer 0x5840ab2e7620 (13 bytes)
1757765419.611533 sending message 112 to peer 0x5840ab2e7620 (13 bytes)
1757765419.611533 sending message 112 to peer 0x5840ab2e7620 (13 bytes)
1757765419.611535 sending message 112 to peer 0x5840ab2e7620 (12 bytes)
1757765419.611536 sending message 112 to peer 0x5840ab2e7620 (12 bytes)
1757765419.611537 sending message 112 to peer 0x5840ab2e7620 (12 bytes)
1757765419.611537 sending message 112 to peer 0x5840ab2e7620 (8 bytes)
1757765419.611538 sending message 112 to peer 0x5840ab2e7620 (12 bytes)
1757765419.611539 sending message 112 to peer 0x5840ab2e7620 (13 bytes)
1757765419.611540 sending message 112 to peer 0x5840ab2e7620 (13 bytes)
1757765419.611542 sending message 112 to peer 0x5840ab2e7620 (13 bytes)
1757765419.611543 sending message 112 to peer 0x5840ab2e7620 (13 bytes)
1757765419.611544 sending message 112 to peer 0x5840ab2e7620 (13 bytes)
1757765419.611545 sending message 112 to peer 0x5840ab2e7620 (13 bytes)
1757765419.611545 sending message 112 to peer 0x5840ab2e7620 (13 bytes)
1757765419.611547 sending message 112 to peer 0x5840ab2e7620 (13 bytes)
1757765419.611548 sending message 112 to peer 0x5840ab2e7620 (12 bytes)
1757765419.611549 sending message 112 to peer 0x5840ab2e7620 (10 bytes)
1757765419.611550 sending message 112 to peer 0x5840ab2e7620 (12 bytes)
1757765419.611551 sending message 112 to peer 0x5840ab2e7620 (12 bytes)
1757765419.611551 sending message 112 to peer 0x5840ab2e7620 (12 bytes)
1757765419.611552 sending message 112 to peer 0x5840ab2e7620 (13 bytes)
1757765419.611553 sending message 112 to peer 0x5840ab2e7620 (13 bytes)
1757765419.611553 sending message 112 to peer 0x5840ab2e7620 (13 bytes)
1757765419.611554 sending message 112 to peer 0x5840ab2e7620 (13 bytes)
1757765419.611555 sending message 112 to peer 0x5840ab2e7620 (13 bytes)
1757765419.611556 sending message 112 to peer 0x5840ab2e7620 (13 bytes)
1757765419.611556 sending message 112 to peer 0x5840ab2e7620 (13 bytes)
1757765419.611557 sending message 112 to peer 0x5840ab2e7620 (10 bytes)
1757765419.611557 sending message 112 to peer 0x5840ab2e7620 (13 bytes)
1757765419.611558 sending message 112 to peer 0x5840ab2e7620 (12 bytes)
1757765419.611559 sending message 112 to peer 0x5840ab2e7620 (12 bytes)
1757765419.611559 sending message 112 to peer 0x5840ab2e7620 (12 bytes)
1757765419.611560 sending message 112 to peer 0x5840ab2e7620 (10 bytes)
1757765419.611561 sending message 112 to peer 0x5840ab2e7620 (10 bytes)
1757765419.611562 sending message 112 to peer 0x5840ab2e7620 (10 bytes)
1757765419.611563 sending message 112 to peer 0x5840ab2e7620 (12 bytes)
1757765419.611564 sending message 112 to peer 0x5840ab2e7620 (13 bytes)
1757765419.611566 sending message 112 to peer 0x5840ab2e7620 (13 bytes)
1757765419.611567 sending message 112 to peer 0x5840ab2e7620 (13 bytes)
1757765419.611567 sending message 112 to peer 0x5840ab2e7620 (13 bytes)
1757765419.611568 sending message 112 to peer 0x5840ab2e7620 (13 bytes)
1757765419.611569 sending message 112 to peer 0x5840ab2e7620 (10 bytes)
1757765419.611570 sending message 112 to peer 0x5840ab2e7620 (11 bytes)
1757765419.611570 sending message 112 to peer 0x5840ab2e7620 (12 bytes)
1757765419.611571 sending message 112 to peer 0x5840ab2e7620 (12 bytes)
1757765419.611572 sending message 112 to peer 0x5840ab2e7620 (12 bytes)
1757765419.611572 sending message 112 to peer 0x5840ab2e7620 (12 bytes)
1757765419.611573 sending message 112 to peer 0x5840ab2e7620 (12 bytes)
1757765419.611574 sending message 112 to peer 0x5840ab2e7620 (11 bytes)
1757765419.611574 sending message 112 to peer 0x5840ab2e7620 (12 bytes)
1757765419.611575 sending message 112 to peer 0x5840ab2e7620 (12 bytes)
1757765419.611576 sending message 112 to peer 0x5840ab2e7620 (13 bytes)
1757765419.611576 sending message 112 to peer 0x5840ab2e7620 (13 bytes)
1757765419.611577 sending message 112 to peer 0x5840ab2e7620 (13 bytes)
1757765419.611578 sending message 112 to peer 0x5840ab2e7620 (13 bytes)
1757765419.611578 sending message 112 to peer 0x5840ab2e7620 (13 bytes)
1757765419.611579 sending message 112 to peer 0x5840ab2e7620 (10 bytes)
1757765419.611580 sending message 112 to peer 0x5840ab2e7620 (9 bytes)
1757765419.611580 sending message 112 to peer 0x5840ab2e7620 (12 bytes)
1757765419.611582 sending message 112 to peer 0x5840ab2e7620 (13 bytes)
1757765419.611583 sending message 112 to peer 0x5840ab2e7620 (13 bytes)
1757765419.611584 sending message 112 to peer 0x5840ab2e7620 (13 bytes)
1757765419.611584 sending message 112 to peer 0x5840ab2e7620 (13 bytes)
1757765419.611585 sending message 112 to peer 0x5840ab2e7620 (13 bytes)
1757765419.611586 sending message 112 to peer 0x5840ab2e7620 (9 bytes)
1757765419.611586 sending message 112 to peer 0x5840ab2e7620 (12 bytes)
1757765419.611587 sending message 112 to peer 0x5840ab2e7620 (13 bytes)
1757765419.611588 sending message 112 to peer 0x5840ab2e7620 (13 bytes)
1757765419.611588 sending message 112 to peer 0x5840ab2e7620 (13 bytes)
1757765419.611589 sending message 112 to peer 0x5840ab2e7620 (13 bytes)
1757765419.611590 sending message 112 to peer 0x5840ab2e7620 (13 bytes)
1757765419.611590 sending message 112 to peer 0x5840ab2e7620 (11 bytes)
1757765419.611591 sending message 112 to peer 0x5840ab2e7620 (12 bytes)
1757765419.611592 sending message 112 to peer 0x5840ab2e7620 (13 bytes)
1757765419.611592 sending message 112 to peer 0x5840ab2e7620 (13 bytes)
1757765419.611593 sending message 112 to peer 0x5840ab2e7620 (13 bytes)
1757765419.611594 sending message 112 to peer 0x5840ab2e7620 (13 bytes)
1757765419.611594 sending message 112 to peer 0x5840ab2e7620 (13 bytes)
1757765419.611595 sending message 112 to peer 0x5840ab2e7620 (11 bytes)
1757765419.611596 sending message 112 to peer 0x5840ab2e7620 (12 bytes)
1757765419.611597 sending message 112 to peer 0x5840ab2e7620 (12 bytes)
1757765419.611597 sending message 112 to peer 0x5840ab2e7620 (12 bytes)
1757765419.611598 sending message 112 to peer 0x5840ab2e7620 (12 bytes)
1757765419.611599 sending message 112 to peer 0x5840ab2e7620 (12 bytes)
1757765419.611599 sending message 112 to peer 0x5840ab2e7620 (22 bytes)
1757765419.611600 sending message 112 to peer 0x5840ab2e7620 (12 bytes)
1757765419.611601 sending message 112 to peer 0x5840ab2e7620 (9 bytes)
1757765419.611602 sending message 112 to peer 0x5840ab2e7620 (6 bytes)
1757765419.611602 sending message 112 to peer 0x5840ab2e7620 (13 bytes)
1757765419.611603 sending message 112 to peer 0x5840ab2e7620 (10 bytes)
1757765419.611604 sending message 112 to peer 0x5840ab2e7620 (24 bytes)
1757765419.611604 sending message 112 to peer 0x5840ab2e7620 (13 bytes)
1757765419.611605 sending message 112 to peer 0x5840ab2e7620 (8 bytes)
1757765419.611606 sending message 112 to peer 0x5840ab2e7620 (70 bytes)
1757765419.611607 sending message 112 to peer 0x5840ab2e7620 (69 bytes)
1757765419.611608 sending message 112 to peer 0x5840ab2e7620 (12 bytes)
1757765419.611608 sending message 112 to peer 0x5840ab2e7620 (10 bytes)
1757765419.611609 sending message 112 to peer 0x5840ab2e7620 (10 bytes)
1757765419.611610 sending message 112 to peer 0x5840ab2e7620 (24 bytes)
1757765419.611611 sending message 112 to peer 0x5840ab2e7620 (13 bytes)
1757765419.611612 sending message 112 to peer 0x5840ab2e7620 (10 bytes)
1757765419.611612 sending message 112 to peer 0x5840ab2e7620 (10 bytes)
1757765419.611613 sending message 112 to peer 0x5840ab2e7620 (10 bytes)
1757765419.611614 sending message 112 to peer 0x5840ab2e7620 (13 bytes)
1757765419.611615 sending message 112 to peer 0x5840ab2e7620 (9 bytes)
1757765419.611615 sending message 112 to peer 0x5840ab2e7620 (15 bytes)
1757765419.611616 sending message 112 to peer 0x5840ab2e7620 (5 bytes)
1757765419.611617 sending message 104 to peer 0x5840ab2e7620 (0 bytes)
1757765419.611618 sending message 110 to peer 0x5840ab2e7620 (0 bytes)
1757765419.611619 sending message 107 to peer 0x5840ab2e7620 (4 bytes)
1757765419.611620 sending message 105 to peer 0x5840ab2e7620 (20 bytes)
1757765419.611621 sending message 105 to peer 0x5840ab2e7620 (25 bytes)
1757765419.611622 sending message 105 to peer 0x5840ab2e7620 (139 bytes)
1757765419.611623 sending message 105 to peer 0x5840ab2e7620 (25 bytes)
1757765419.611624 sending message 105 to peer 0x5840ab2e7620 (29 bytes)
1757765419.611624 sending message 105 to peer 0x5840ab2e7620 (23 bytes)
1757765419.611626 sending message 105 to peer 0x5840ab2e7620 (21 bytes)
1757765419.611627 sending message 105 to peer 0x5840ab2e7620 (22 bytes)
1757765419.611627 sending message 105 to peer 0x5840ab2e7620 (27 bytes)
1757765419.611628 sending message 105 to peer 0x5840ab2e7620 (17 bytes)
1757765419.611629 sending message 105 to peer 0x5840ab2e7620 (23 bytes)
1757765419.611630 sending message 105 to peer 0x5840ab2e7620 (14 bytes)
1757765419.611630 sending message 105 to peer 0x5840ab2e7620 (39 bytes)
1757765419.611631 sending message 105 to peer 0x5840ab2e7620 (82 bytes)
1757765419.611632 sending message 105 to peer 0x5840ab2e7620 (14 bytes)
1757765419.611633 sending message 105 to peer 0x5840ab2e7620 (8 bytes)
1757765419.611634 sending message 105 to peer 0x5840ab2e7620 (17 bytes)
1757765419.611635 sending message 105 to peer 0x5840ab2e7620 (27 bytes)
1757765419.611635 sending message 105 to peer 0x5840ab2e7620 (24 bytes)
1757765419.611636 sending message 105 to peer 0x5840ab2e7620 (43 bytes)
1757765419.611637 sending message 105 to peer 0x5840ab2e7620 (15 bytes)
1757765419.611638 sending message 105 to peer 0x5840ab2e7620 (15 bytes)
1757765419.611639 sending message 105 to peer 0x5840ab2e7620 (58 bytes)
1757765419.611639 sending message 105 to peer 0x5840ab2e7620 (25 bytes)
1757765419.611640 sending message 105 to peer 0x5840ab2e7620 (11 bytes)
1757765419.611641 sending message 105 to peer 0x5840ab2e7620 (23 bytes)
1757765419.611642 sending message 105 to peer 0x5840ab2e7620 (86 bytes)
1757765419.611643 sending message 105 to peer 0x5840ab2e7620 (156 bytes)
1757765419.611645 sending message 105 to peer 0x5840ab2e7620 (41 bytes)
1757765419.611646 sending message 105 to peer 0x5840ab2e7620 (22 bytes)
1757765419.611646 sending message 105 to peer 0x5840ab2e7620 (20 bytes)
1757765419.611647 sending message 105 to peer 0x5840ab2e7620 (24 bytes)
1757765419.611648 sending message 105 to peer 0x5840ab2e7620 (11 bytes)
1757765419.611649 sending message 105 to peer 0x5840ab2e7620 (10 bytes)
1757765419.611650 sending message 105 to peer 0x5840ab2e7620 (57 bytes)
1757765419.611650 sending message 105 to peer 0x5840ab2e7620 (52 bytes)
1757765419.611651 sending message 105 to peer 0x5840ab2e7620 (17 bytes)
1757765419.611652 sending message 105 to peer 0x5840ab2e7620 (26 bytes)
1757765419.611653 sending message 105 to peer 0x5840ab2e7620 (20 bytes)
1757765419.611653 sending message 105 to peer 0x5840ab2e7620 (24 bytes)
1757765419.611654 sending message 105 to peer 0x5840ab2e7620 (20 bytes)
1757765419.611655 sending message 105 to peer 0x5840ab2e7620 (50 bytes)
1757765419.611656 sending message 105 to peer 0x5840ab2e7620 (11 bytes)
1757765419.611656 sending message 105 to peer 0x5840ab2e7620 (21 bytes)
1757765419.611657 sending message 105 to peer 0x5840ab2e7620 (28 bytes)
1757765419.611658 sending message 105 to peer 0x5840ab2e7620 (51 bytes)
1757765419.611658 sending message 105 to peer 0x5840ab2e7620 (23 bytes)
1757765419.611659 sending message 105 to peer 0x5840ab2e7620 (23 bytes)
1757765419.611660 sending message 105 to peer 0x5840ab2e7620 (81 bytes)
1757765419.611661 sending message 105 to peer 0x5840ab2e7620 (15 bytes)
1757765419.611662 sending message 105 to peer 0x5840ab2e7620 (120 bytes)
1757765419.611662 sending message 105 to peer 0x5840ab2e7620 (30 bytes)
1757765419.611663 sending message 105 to peer 0x5840ab2e7620 (31 bytes)
1757765419.611664 sending message 105 to peer 0x5840ab2e7620 (47 bytes)
1757765419.611665 sending message 105 to peer 0x5840ab2e7620 (25 bytes)
1757765419.611666 sending message 105 to peer 0x5840ab2e7620 (54 bytes)
1757765419.611667 sending message 105 to peer 0x5840ab2e7620 (24 bytes)
1757765419.611667 sending message 105 to peer 0x5840ab2e7620 (23 bytes)
1757765419.611668 sending message 105 to peer 0x5840ab2e7620 (15 bytes)
1757765419.611669 sending message 105 to peer 0x5840ab2e7620 (29 bytes)
1757765419.611669 sending message 105 to peer 0x5840ab2e7620 (73 bytes)
1757765419.611670 sending message 105 to peer 0x5840ab2e7620 (22 bytes)
1757765419.611671 sending message 106 to peer 0x5840ab2e7620 (0 bytes)
1757765419.611693 cmd_pack_argv: argv[0]=new-session
1757765419.611700 sending message 200 to peer 0x5840ab2e7620 (16 bytes)
1757765419.611703 client loop enter
1757765419.611709 client_signal: Child exited
1757765419.673589 peer 0x5840ab2e7620 message 207
1757765419.673596 sending message 208 to peer 0x5840ab2e7620 (0 bytes)
1757765459.990093 peer 0x5840ab2e7620 message 203
1757765459.990099 sending message 205 to peer 0x5840ab2e7620 (0 bytes)
1757765459.990195 peer 0x5840ab2e7620 message 204
1757765459.990197 client loop exit
